# JRE version: OpenJDK Runtime Environment (8.0_242-b01) (build 1.8.0_242-release-1644-b01)
# Java VM: OpenJDK 64-Bit Server VM (25.242-b01 mixed mode windows-amd64 compressed oops)
Heap:
 PSYoungGen      total 96768K, used 66309K [0x000000076b380000, 0x0000000771f00000, 0x00000007c0000000)
  eden space 86016K, 64% used [0x000000076b380000,0x000000076e9c3dd0,0x0000000770780000)
  from space 10752K, 99% used [0x0000000770780000,0x00000007711fd9a0,0x0000000771200000)
  to   space 10752K, 0% used [0x0000000771200000,0x0000000771200000,0x0000000771c80000)
 ParOldGen       total 220160K, used 45697K [0x00000006c1a00000, 0x00000006cf100000, 0x000000076b380000)
  object space 220160K, 20% used [0x00000006c1a00000,0x00000006c46a0418,0x00000006cf100000)
 Metaspace       used 46327K, capacity 47110K, committed 47576K, reserved 1091584K
  class space    used 5529K, capacity 5773K, committed 5888K, reserved 1048576K
GC Heap History (10 events):
Event: 2.162 GC heap before
{Heap before GC invocations=3 (full 1):
 PSYoungGen      total 76288K, used 10726K [0x000000076b380000, 0x0000000774880000, 0x00000007c0000000)
  eden space 65536K, 0% used [0x000000076b380000,0x000000076b380000,0x000000076f380000)
  from space 10752K, 99% used [0x000000076fe00000,0x0000000770879910,0x0000000770880000)
  to   space 10752K, 0% used [0x000000076f380000,0x000000076f380000,0x000000076fe00000)
 ParOldGen       total 175104K, used 16783K [0x00000006c1a00000, 0x00000006cc500000, 0x000000076b380000)
  object space 175104K, 9% used [0x00000006c1a00000,0x00000006c2a63ce8,0x00000006cc500000)
 Metaspace       used 20771K, capacity 21174K, committed 21248K, reserved 1069056K
  class space    used 2363K, capacity 2527K, committed 2560K, reserved 1048576K
Event: 2.256 GC heap after
Heap after GC invocations=3 (full 1):
 PSYoungGen      total 76288K, used 0K [0x000000076b380000, 0x0000000774880000, 0x00000007c0000000)
  eden space 65536K, 0% used [0x000000076b380000,0x000000076b380000,0x000000076f380000)
  from space 10752K, 0% used [0x000000076fe00000,0x000000076fe00000,0x0000000770880000)
  to   space 10752K, 0% used [0x000000076f380000,0x000000076f380000,0x000000076fe00000)
 ParOldGen       total 142848K, used 22413K [0x00000006c1a00000, 0x00000006ca580000, 0x000000076b380000)
  object space 142848K, 15% used [0x00000006c1a00000,0x00000006c2fe3490,0x00000006ca580000)
 Metaspace       used 20771K, capacity 21174K, committed 21248K, reserved 1069056K
  class space    used 2363K, capacity 2527K, committed 2560K, reserved 1048576K
}
Event: 4.570 GC heap before
{Heap before GC invocations=4 (full 1):
 PSYoungGen      total 76288K, used 65536K [0x000000076b380000, 0x0000000774880000, 0x00000007c0000000)
  eden space 65536K, 100% used [0x000000076b380000,0x000000076f380000,0x000000076f380000)
  from space 10752K, 0% used [0x000000076fe00000,0x000000076fe00000,0x0000000770880000)
  to   space 10752K, 0% used [0x000000076f380000,0x000000076f380000,0x000000076fe00000)
 ParOldGen       total 142848K, used 22413K [0x00000006c1a00000, 0x00000006ca580000, 0x000000076b380000)
  object space 142848K, 15% used [0x00000006c1a00000,0x00000006c2fe3490,0x00000006ca580000)
 Metaspace       used 29887K, capacity 30468K, committed 30592K, reserved 1075200K
  class space    used 3727K, capacity 3928K, committed 3968K, reserved 1048576K
Event: 4.584 GC heap after
Heap after GC invocations=4 (full 1):
 PSYoungGen      total 76288K, used 10721K [0x000000076b380000, 0x0000000771c80000, 0x00000007c0000000)
  eden space 65536K, 0% used [0x000000076b380000,0x000000076b380000,0x000000076f380000)
  from space 10752K, 99% used [0x000000076f380000,0x000000076fdf8488,0x000000076fe00000)
  to   space 10752K, 0% used [0x0000000771200000,0x0000000771200000,0x0000000771c80000)
 ParOldGen       total 142848K, used 27247K [0x00000006c1a00000, 0x00000006ca580000, 0x000000076b380000)
  object space 142848K, 19% used [0x00000006c1a00000,0x00000006c349bc20,0x00000006ca580000)
 Metaspace       used 29887K, capacity 30468K, committed 30592K, reserved 1075200K
  class space    used 3727K, capacity 3928K, committed 3968K, reserved 1048576K
}
Event: 5.112 GC heap before
{Heap before GC invocations=5 (full 1):
 PSYoungGen      total 76288K, used 39727K [0x000000076b380000, 0x0000000771c80000, 0x00000007c0000000)
  eden space 65536K, 44% used [0x000000076b380000,0x000000076cfd3ab8,0x000000076f380000)
  from space 10752K, 99% used [0x000000076f380000,0x000000076fdf8488,0x000000076fe00000)
  to   space 10752K, 0% used [0x0000000771200000,0x0000000771200000,0x0000000771c80000)
 ParOldGen       total 142848K, used 27247K [0x00000006c1a00000, 0x00000006ca580000, 0x000000076b380000)
  object space 142848K, 19% used [0x00000006c1a00000,0x00000006c349bc20,0x00000006ca580000)
 Metaspace       used 34574K, capacity 35134K, committed 35416K, reserved 1081344K
  class space    used 4307K, capacity 4476K, committed 4480K, reserved 1048576K
Event: 5.130 GC heap after
Heap after GC invocations=5 (full 1):
 PSYoungGen      total 96768K, used 10731K [0x000000076b380000, 0x0000000771f00000, 0x00000007c0000000)
  eden space 86016K, 0% used [0x000000076b380000,0x000000076b380000,0x0000000770780000)
  from space 10752K, 99% used [0x0000000771200000,0x0000000771c7acb8,0x0000000771c80000)
  to   space 10752K, 0% used [0x0000000770780000,0x0000000770780000,0x0000000771200000)
 ParOldGen       total 142848K, used 30587K [0x00000006c1a00000, 0x00000006ca580000, 0x000000076b380000)
  object space 142848K, 21% used [0x00000006c1a00000,0x00000006c37ded78,0x00000006ca580000)
 Metaspace       used 34574K, capacity 35134K, committed 35416K, reserved 1081344K
  class space    used 4307K, capacity 4476K, committed 4480K, reserved 1048576K
}
Event: 5.130 GC heap before
{Heap before GC invocations=6 (full 2):
 PSYoungGen      total 96768K, used 10731K [0x000000076b380000, 0x0000000771f00000, 0x00000007c0000000)
  eden space 86016K, 0% used [0x000000076b380000,0x000000076b380000,0x0000000770780000)
  from space 10752K, 99% used [0x0000000771200000,0x0000000771c7acb8,0x0000000771c80000)
  to   space 10752K, 0% used [0x0000000770780000,0x0000000770780000,0x0000000771200000)
 ParOldGen       total 142848K, used 30587K [0x00000006c1a00000, 0x00000006ca580000, 0x000000076b380000)
  object space 142848K, 21% used [0x00000006c1a00000,0x00000006c37ded78,0x00000006ca580000)
 Metaspace       used 34574K, capacity 35134K, committed 35416K, reserved 1081344K
  class space    used 4307K, capacity 4476K, committed 4480K, reserved 1048576K
Event: 5.228 GC heap after
Heap after GC invocations=6 (full 2):
 PSYoungGen      total 96768K, used 0K [0x000000076b380000, 0x0000000771f00000, 0x00000007c0000000)
  eden space 86016K, 0% used [0x000000076b380000,0x000000076b380000,0x0000000770780000)
  from space 10752K, 0% used [0x0000000771200000,0x0000000771200000,0x0000000771c80000)
  to   space 10752K, 0% used [0x0000000770780000,0x0000000770780000,0x0000000771200000)
 ParOldGen       total 220160K, used 33394K [0x00000006c1a00000, 0x00000006cf100000, 0x000000076b380000)
  object space 220160K, 15% used [0x00000006c1a00000,0x00000006c3a9c9e0,0x00000006cf100000)
 Metaspace       used 34574K, capacity 35134K, committed 35416K, reserved 1081344K
  class space    used 4307K, capacity 4476K, committed 4480K, reserved 1048576K
}
Event: 7.590 GC heap before
{Heap before GC invocations=7 (full 2):
 PSYoungGen      total 96768K, used 86016K [0x000000076b380000, 0x0000000771f00000, 0x00000007c0000000)
  eden space 86016K, 100% used [0x000000076b380000,0x0000000770780000,0x0000000770780000)
  from space 10752K, 0% used [0x0000000771200000,0x0000000771200000,0x0000000771c80000)
  to   space 10752K, 0% used [0x0000000770780000,0x0000000770780000,0x0000000771200000)
 ParOldGen       total 220160K, used 33394K [0x00000006c1a00000, 0x00000006cf100000, 0x000000076b380000)
  object space 220160K, 15% used [0x00000006c1a00000,0x00000006c3a9c9e0,0x00000006cf100000)
 Metaspace       used 45471K, capacity 46230K, committed 46424K, reserved 1089536K
  class space    used 5491K, capacity 5739K, committed 5760K, reserved 1048576K
Event: 7.640 GC heap after
Heap after GC invocations=7 (full 2):
 PSYoungGen      total 96768K, used 10742K [0x000000076b380000, 0x0000000771f00000, 0x00000007c0000000)
  eden space 86016K, 0% used [0x000000076b380000,0x000000076b380000,0x0000000770780000)
  from space 10752K, 99% used [0x0000000770780000,0x00000007711fd9a0,0x0000000771200000)
  to   space 10752K, 0% used [0x0000000771200000,0x0000000771200000,0x0000000771c80000)
 ParOldGen       total 220160K, used 45697K [0x00000006c1a00000, 0x00000006cf100000, 0x000000076b380000)
  object space 220160K, 20% used [0x00000006c1a00000,0x00000006c46a0418,0x00000006cf100000)
 Metaspace       used 45471K, capacity 46230K, committed 46424K, reserved 1089536K
  class space    used 5491K, capacity 5739K, committed 5760K, reserved 1048576K
}

