# JRE version: OpenJDK Runtime Environment (8.0_242-b01) (build 1.8.0_242-release-1644-b01)
# Java VM: OpenJDK 64-Bit Server VM (25.242-b01 mixed mode windows-amd64 compressed oops)
Heap:
 PSYoungGen      total 643584K, used 446113K [0x00000000d5580000, 0x0000000100000000, 0x0000000100000000)
  eden space 588288K, 72% used [0x00000000d5580000,0x00000000ef6fb7c0,0x00000000f9400000)
  from space 55296K, 33% used [0x00000000f9400000,0x00000000fa62cc90,0x00000000fca00000)
  to   space 53248K, 0% used [0x00000000fcc00000,0x00000000fcc00000,0x0000000100000000)
 ParOldGen       total 298496K, used 93322K [0x0000000080000000, 0x0000000092380000, 0x00000000d5580000)
  object space 298496K, 31% used [0x0000000080000000,0x0000000085b22830,0x0000000092380000)
 Metaspace       used 109663K, capacity 116080K, committed 116184K, reserved 1150976K
  class space    used 14019K, capacity 15300K, committed 15360K, reserved 1048576K
GC Heap History (10 events):
Event: 4815.016 GC heap before
{Heap before GC invocations=17 (full 4):
 PSYoungGen      total 518656K, used 474624K [0x00000000d5580000, 0x00000000f9600000, 0x0000000100000000)
  eden space 474624K, 100% used [0x00000000d5580000,0x00000000f2500000,0x00000000f2500000)
  from space 44032K, 0% used [0x00000000f4d80000,0x00000000f4d80000,0x00000000f7880000)
  to   space 41472K, 0% used [0x00000000f2500000,0x00000000f2500000,0x00000000f4d80000)
 ParOldGen       total 298496K, used 72530K [0x0000000080000000, 0x0000000092380000, 0x00000000d5580000)
  object space 298496K, 24% used [0x0000000080000000,0x00000000846d48e8,0x0000000092380000)
 Metaspace       used 98867K, capacity 103994K, committed 104280K, reserved 1140736K
  class space    used 12812K, capacity 13861K, committed 13952K, reserved 1048576K
Event: 4815.155 GC heap after
Heap after GC invocations=17 (full 4):
 PSYoungGen      total 516096K, used 18639K [0x00000000d5580000, 0x00000000ff300000, 0x0000000100000000)
  eden space 474624K, 0% used [0x00000000d5580000,0x00000000d5580000,0x00000000f2500000)
  from space 41472K, 44% used [0x00000000f2500000,0x00000000f3733ca0,0x00000000f4d80000)
  to   space 39424K, 0% used [0x00000000fcc80000,0x00000000fcc80000,0x00000000ff300000)
 ParOldGen       total 298496K, used 72538K [0x0000000080000000, 0x0000000092380000, 0x00000000d5580000)
  object space 298496K, 24% used [0x0000000080000000,0x00000000846d68e8,0x0000000092380000)
 Metaspace       used 98867K, capacity 103994K, committed 104280K, reserved 1140736K
  class space    used 12812K, capacity 13861K, committed 13952K, reserved 1048576K
}
Event: 6246.566 GC heap before
{Heap before GC invocations=18 (full 4):
 PSYoungGen      total 516096K, used 493263K [0x00000000d5580000, 0x00000000ff300000, 0x0000000100000000)
  eden space 474624K, 100% used [0x00000000d5580000,0x00000000f2500000,0x00000000f2500000)
  from space 41472K, 44% used [0x00000000f2500000,0x00000000f3733ca0,0x00000000f4d80000)
  to   space 39424K, 0% used [0x00000000fcc80000,0x00000000fcc80000,0x00000000ff300000)
 ParOldGen       total 298496K, used 72538K [0x0000000080000000, 0x0000000092380000, 0x00000000d5580000)
  object space 298496K, 24% used [0x0000000080000000,0x00000000846d68e8,0x0000000092380000)
 Metaspace       used 99869K, capacity 105418K, committed 105688K, reserved 1140736K
  class space    used 12902K, capacity 14007K, committed 14080K, reserved 1048576K
Event: 6246.613 GC heap after
Heap after GC invocations=18 (full 4):
 PSYoungGen      total 620032K, used 32978K [0x00000000d5580000, 0x00000000fed00000, 0x0000000100000000)
  eden space 586752K, 0% used [0x00000000d5580000,0x00000000d5580000,0x00000000f9280000)
  from space 33280K, 99% used [0x00000000fcc80000,0x00000000fecb4960,0x00000000fed00000)
  to   space 42496K, 0% used [0x00000000f9a00000,0x00000000f9a00000,0x00000000fc380000)
 ParOldGen       total 298496K, used 72546K [0x0000000080000000, 0x0000000092380000, 0x00000000d5580000)
  object space 298496K, 24% used [0x0000000080000000,0x00000000846d88e8,0x0000000092380000)
 Metaspace       used 99869K, capacity 105418K, committed 105688K, reserved 1140736K
  class space    used 12902K, capacity 14007K, committed 14080K, reserved 1048576K
}
Event: 9130.412 GC heap before
{Heap before GC invocations=19 (full 4):
 PSYoungGen      total 620032K, used 619730K [0x00000000d5580000, 0x00000000fed00000, 0x0000000100000000)
  eden space 586752K, 100% used [0x00000000d5580000,0x00000000f9280000,0x00000000f9280000)
  from space 33280K, 99% used [0x00000000fcc80000,0x00000000fecb4960,0x00000000fed00000)
  to   space 42496K, 0% used [0x00000000f9a00000,0x00000000f9a00000,0x00000000fc380000)
 ParOldGen       total 298496K, used 72546K [0x0000000080000000, 0x0000000092380000, 0x00000000d5580000)
  object space 298496K, 24% used [0x0000000080000000,0x00000000846d88e8,0x0000000092380000)
 Metaspace       used 108652K, capacity 114494K, committed 114648K, reserved 1148928K
  class space    used 13912K, capacity 15089K, committed 15104K, reserved 1048576K
Event: 9130.638 GC heap after
Heap after GC invocations=19 (full 4):
 PSYoungGen      total 636928K, used 42486K [0x00000000d5580000, 0x0000000100000000, 0x0000000100000000)
  eden space 594432K, 0% used [0x00000000d5580000,0x00000000d5580000,0x00000000f9a00000)
  from space 42496K, 99% used [0x00000000f9a00000,0x00000000fc37d820,0x00000000fc380000)
  to   space 49152K, 0% used [0x00000000fd000000,0x00000000fd000000,0x0000000100000000)
 ParOldGen       total 298496K, used 73796K [0x0000000080000000, 0x0000000092380000, 0x00000000d5580000)
  object space 298496K, 24% used [0x0000000080000000,0x00000000848111e0,0x0000000092380000)
 Metaspace       used 108652K, capacity 114494K, committed 114648K, reserved 1148928K
  class space    used 13912K, capacity 15089K, committed 15104K, reserved 1048576K
}
Event: 9132.039 GC heap before
{Heap before GC invocations=20 (full 4):
 PSYoungGen      total 636928K, used 636918K [0x00000000d5580000, 0x0000000100000000, 0x0000000100000000)
  eden space 594432K, 100% used [0x00000000d5580000,0x00000000f9a00000,0x00000000f9a00000)
  from space 42496K, 99% used [0x00000000f9a00000,0x00000000fc37d820,0x00000000fc380000)
  to   space 49152K, 0% used [0x00000000fd000000,0x00000000fd000000,0x0000000100000000)
 ParOldGen       total 298496K, used 73796K [0x0000000080000000, 0x0000000092380000, 0x00000000d5580000)
  object space 298496K, 24% used [0x0000000080000000,0x00000000848111e0,0x0000000092380000)
 Metaspace       used 108684K, capacity 114558K, committed 114648K, reserved 1148928K
  class space    used 13913K, capacity 15089K, committed 15104K, reserved 1048576K
Event: 9132.195 GC heap after
Heap after GC invocations=20 (full 4):
 PSYoungGen      total 637440K, used 46543K [0x00000000d5580000, 0x0000000100000000, 0x0000000100000000)
  eden space 588288K, 0% used [0x00000000d5580000,0x00000000d5580000,0x00000000f9400000)
  from space 49152K, 94% used [0x00000000fd000000,0x00000000ffd73d90,0x0000000100000000)
  to   space 55296K, 0% used [0x00000000f9400000,0x00000000f9400000,0x00000000fca00000)
 ParOldGen       total 298496K, used 73804K [0x0000000080000000, 0x0000000092380000, 0x00000000d5580000)
  object space 298496K, 24% used [0x0000000080000000,0x00000000848131e0,0x0000000092380000)
 Metaspace       used 108684K, capacity 114558K, committed 114648K, reserved 1148928K
  class space    used 13913K, capacity 15089K, committed 15104K, reserved 1048576K
}
Event: 9133.458 GC heap before
{Heap before GC invocations=21 (full 4):
 PSYoungGen      total 637440K, used 634831K [0x00000000d5580000, 0x0000000100000000, 0x0000000100000000)
  eden space 588288K, 100% used [0x00000000d5580000,0x00000000f9400000,0x00000000f9400000)
  from space 49152K, 94% used [0x00000000fd000000,0x00000000ffd73d90,0x0000000100000000)
  to   space 55296K, 0% used [0x00000000f9400000,0x00000000f9400000,0x00000000fca00000)
 ParOldGen       total 298496K, used 73804K [0x0000000080000000, 0x0000000092380000, 0x00000000d5580000)
  object space 298496K, 24% used [0x0000000080000000,0x00000000848131e0,0x0000000092380000)
 Metaspace       used 108724K, capacity 114622K, committed 114904K, reserved 1148928K
  class space    used 13915K, capacity 15089K, committed 15104K, reserved 1048576K
Event: 9133.502 GC heap after
Heap after GC invocations=21 (full 4):
 PSYoungGen      total 643584K, used 18611K [0x00000000d5580000, 0x0000000100000000, 0x0000000100000000)
  eden space 588288K, 0% used [0x00000000d5580000,0x00000000d5580000,0x00000000f9400000)
  from space 55296K, 33% used [0x00000000f9400000,0x00000000fa62cc90,0x00000000fca00000)
  to   space 53248K, 0% used [0x00000000fcc00000,0x00000000fcc00000,0x0000000100000000)
 ParOldGen       total 298496K, used 93322K [0x0000000080000000, 0x0000000092380000, 0x00000000d5580000)
  object space 298496K, 31% used [0x0000000080000000,0x0000000085b22830,0x0000000092380000)
 Metaspace       used 108724K, capacity 114622K, committed 114904K, reserved 1148928K
  class space    used 13915K, capacity 15089K, committed 15104K, reserved 1048576K
}

